Listening for transport dt_socket at address: 8000
00:38:33,140 INFO  ~ Starting C:\Users\memo\PLAY\play-1.2.3\grepolis
00:38:34,443 WARN  ~ You're running Play! in DEV mode
00:38:34,630 INFO  ~ Listening for HTTP on port 9000 (Waiting a first request to start) ...
00:39:08,820 INFO  ~ Connected to jdbc:mysql://localhost/test?useUnicode=yes&characterEncoding=UTF-8&connectionCollation=utf8_general_ci
00:39:12,442 INFO  ~ Application 'grepolis' is now started !
00:39:12,710 INFO  ~ >>>>>Ally<<<<<
00:39:12,710 INFO  ~ Fetch files
00:39:13,379 INFO  ~ ->done
00:39:13,379 INFO  ~ alliances.txt
00:39:21,579 INFO  ~ ->done
00:39:21,580 INFO  ~ alliance_kills_all.txt
00:39:30,898 INFO  ~ ->done
00:39:30,898 INFO  ~ alliance_kills_att.txt
00:39:37,422 INFO  ~ ->done
00:39:37,422 INFO  ~ alliance_kills_def.txt
00:39:46,048 INFO  ~ ->done
00:39:46,049 INFO  ~ >>>>>Done<<<<<
00:39:46,049 INFO  ~ >>>>>Player<<<<<
00:39:46,049 INFO  ~ Fetch files
00:39:46,763 INFO  ~ ->done
00:39:46,763 INFO  ~ players.txt
00:42:10,370 INFO  ~ ->done
00:42:10,370 INFO  ~ player_kills_all.txt
00:44:06,209 INFO  ~ ->done
00:44:06,209 INFO  ~ player_kills_att.txt
00:45:41,200 INFO  ~ ->done
00:45:41,200 INFO  ~ player_kills_def.txt
00:47:33,587 INFO  ~ ->done
00:47:33,587 INFO  ~ >>>>>Done<<<<<
00:47:33,587 INFO  ~ >>>>>Town<<<<<
00:47:33,587 INFO  ~ Fetch files
00:47:33,770 INFO  ~ ->done
00:47:33,770 INFO  ~ towns.txt
01:04:03,763 INFO  ~ ->done
01:04:03,763 INFO  ~ >>>>>Done<<<<<
01:04:03,763 INFO  ~ >>>>>Conquer<<<<<
01:04:03,763 INFO  ~ Fetch files
01:04:04,158 INFO  ~ ->done
01:04:04,158 INFO  ~ conquers.txt
01:04:08,324 INFO  ~ done
01:04:19,716 ERROR ~ 

@67p02aof0
Internal Server Error (500) for request GET /

Template execution error (In /app/views/main.html around line null)
Execution error occured in template /app/views/main.html. Exception raised was StackOverflowError : null.

play.exceptions.TemplateExecutionException
	at play.templates.BaseTemplate.throwException(BaseTemplate.java:84)
	at play.templates.GroovyTemplate.internalRender(GroovyTemplate.java:252)
	at play.templates.GroovyTemplate.internalRender(GroovyTemplate.java:262)
	at play.templates.GroovyTemplate.internalRender(GroovyTemplate.java:262)
	at play.templates.GroovyTemplate.internalRender(GroovyTemplate.java:262)
	at play.templates.GroovyTemplate.internalRender(GroovyTemplate.java:262)
	at play.templates.GroovyTemplate.internalRender(GroovyTemplate.java:262)
	at play.templates.GroovyTemplate.internalRender(GroovyTemplate.java:262)
	at play.templates.GroovyTemplate.internalRender(GroovyTemplate.java:262)
	at play.templates.GroovyTemplate.internalRender(GroovyTemplate.java:262)
	at play.templates.GroovyTemplate.internalRender(GroovyTemplate.java:262)
	at play.templates.GroovyTemplate.internalRender(GroovyTemplate.java:262)
	at play.templates.GroovyTemplate.internalRender(GroovyTemplate.java:262)
	at play.templates.GroovyTemplate.internalRender(GroovyTemplate.java:262)
	at play.templates.GroovyTemplate.internalRender(GroovyTemplate.java:262)
	at play.templates.GroovyTemplate.internalRender(GroovyTemplate.java:262)
	at play.templates.GroovyTemplate.internalRender(GroovyTemplate.java:262)
	at play.templates.GroovyTemplate.internalRender(GroovyTemplate.java:262)
	at play.templates.GroovyTemplate.internalRender(GroovyTemplate.java:262)
	at play.templates.GroovyTemplate.internalRender(GroovyTemplate.java:262)
	at play.templates.GroovyTemplate.internalRender(GroovyTemplate.java:262)
	at play.templates.GroovyTemplate.internalRender(GroovyTemplate.java:262)
	at play.templates.GroovyTemplate.internalRender(GroovyTemplate.java:262)
	at play.templates.GroovyTemplate.internalRender(GroovyTemplate.java:262)
	at play.templates.GroovyTemplate.internalRender(GroovyTemplate.java:262)
	at play.templates.GroovyTemplate.internalRender(GroovyTemplate.java:262)
	at play.templates.GroovyTemplate.internalRender(GroovyTemplate.java:262)
	at play.templates.GroovyTemplate.internalRender(GroovyTemplate.java:262)
	at play.templates.GroovyTemplate.internalRender(GroovyTemplate.java:262)
	at play.templates.GroovyTemplate.internalRender(GroovyTemplate.java:262)
	at play.templates.GroovyTemplate.internalRender(GroovyTemplate.java:262)
	at play.templates.GroovyTemplate.internalRender(GroovyTemplate.java:262)
	at play.templates.GroovyTemplate.internalRender(GroovyTemplate.java:262)
	at play.templates.GroovyTemplate.internalRender(GroovyTemplate.java:262)
	at play.templates.GroovyTemplate.internalRender(GroovyTemplate.java:262)
	at play.templates.GroovyTemplate.internalRender(GroovyTemplate.java:262)
	at play.templates.GroovyTemplate.internalRender(GroovyTemplate.java:262)
	at play.templates.GroovyTemplate.internalRender(GroovyTemplate.java:262)
	at play.templates.GroovyTemplate.internalRender(GroovyTemplate.java:262)
	at play.templates.GroovyTemplate.internalRender(GroovyTemplate.java:262)
	at play.templates.GroovyTemplate.internalRender(GroovyTemplate.java:262)
	at play.templates.GroovyTemplate.internalRender(GroovyTemplate.java:262)
	at play.templates.GroovyTemplate.internalRender(GroovyTemplate.java:262)
	at play.templates.GroovyTemplate.internalRender(GroovyTemplate.java:262)
	at play.templates.GroovyTemplate.internalRender(GroovyTemplate.java:262)
	at play.templates.GroovyTemplate.internalRender(GroovyTemplate.java:262)
	at play.templates.GroovyTemplate.internalRender(GroovyTemplate.java:262)
	at play.templates.GroovyTemplate.internalRender(GroovyTemplate.java:262)
	at play.templates.GroovyTemplate.internalRender(GroovyTemplate.java:262)
	at play.templates.GroovyTemplate.internalRender(GroovyTemplate.java:262)
	at play.templates.GroovyTemplate.internalRender(GroovyTemplate.java:262)
	at play.templates.GroovyTemplate.internalRender(GroovyTemplate.java:262)
	at play.templates.GroovyTemplate.internalRender(GroovyTemplate.java:262)
	at play.templates.GroovyTemplate.internalRender(GroovyTemplate.java:262)
	at play.templates.GroovyTemplate.internalRender(GroovyTemplate.java:262)
	at play.templates.GroovyTemplate.internalRender(GroovyTemplate.java:262)
	at play.templates.GroovyTemplate.internalRender(GroovyTemplate.java:262)
	at play.templates.GroovyTemplate.internalRender(GroovyTemplate.java:262)
	at play.templates.GroovyTemplate.internalRender(GroovyTemplate.java:262)
	at play.templates.GroovyTemplate.internalRender(GroovyTemplate.java:262)
	at play.templates.GroovyTemplate.internalRender(GroovyTemplate.java:262)
	at play.templates.GroovyTemplate.internalRender(GroovyTemplate.java:262)
	at play.templates.GroovyTemplate.internalRender(GroovyTemplate.java:262)
	at play.templates.GroovyTemplate.internalRender(GroovyTemplate.java:262)
	at play.templates.GroovyTemplate.internalRender(GroovyTemplate.java:262)
	at play.templates.GroovyTemplate.internalRender(GroovyTemplate.java:262)
	at play.templates.GroovyTemplate.internalRender(GroovyTemplate.java:262)
	at play.templates.GroovyTemplate.internalRender(GroovyTemplate.java:262)
	at play.templates.GroovyTemplate.internalRender(GroovyTemplate.java:262)
	at play.templates.GroovyTemplate.internalRender(GroovyTemplate.java:262)
	at play.templates.GroovyTemplate.internalRender(GroovyTemplate.java:262)
	at play.templates.GroovyTemplate.internalRender(GroovyTemplate.java:262)
	at play.templates.GroovyTemplate.internalRender(GroovyTemplate.java:262)
	at play.templates.GroovyTemplate.internalRender(GroovyTemplate.java:262)
	at play.templates.GroovyTemplate.internalRender(GroovyTemplate.java:262)
	at play.templates.GroovyTemplate.internalRender(GroovyTemplate.java:262)
	at play.templates.GroovyTemplate.internalRender(GroovyTemplate.java:262)
	at play.templates.GroovyTemplate.internalRender(GroovyTemplate.java:262)
	at play.templates.GroovyTemplate.internalRender(GroovyTemplate.java:262)
	at play.templates.GroovyTemplate.internalRender(GroovyTemplate.java:262)
	at play.templates.GroovyTemplate.internalRender(GroovyTemplate.java:262)
	at play.templates.GroovyTemplate.internalRender(GroovyTemplate.java:262)
	at play.templates.GroovyTemplate.internalRender(GroovyTemplate.java:262)
	at play.templates.GroovyTemplate.internalRender(GroovyTemplate.java:262)
	at play.templates.GroovyTemplate.internalRender(GroovyTemplate.java:262)
	at play.templates.GroovyTemplate.internalRender(GroovyTemplate.java:262)
	at play.templates.GroovyTemplate.internalRender(GroovyTemplate.java:262)
	at play.templates.GroovyTemplate.internalRender(GroovyTemplate.java:262)
	at play.templates.GroovyTemplate.internalRender(GroovyTemplate.java:262)
	at play.templates.GroovyTemplate.internalRender(GroovyTemplate.java:262)
	at play.templates.GroovyTemplate.internalRender(GroovyTemplate.java:262)
	at play.templates.GroovyTemplate.internalRender(GroovyTemplate.java:262)
	at play.templates.GroovyTemplate.internalRender(GroovyTemplate.java:262)
	at play.templates.GroovyTemplate.internalRender(GroovyTemplate.java:262)
	at play.templates.GroovyTemplate.internalRender(GroovyTemplate.java:262)
	at play.templates.GroovyTemplate.internalRender(GroovyTemplate.java:262)
	at play.templates.GroovyTemplate.internalRender(GroovyTemplate.java:262)
	at play.templates.GroovyTemplate.internalRender(GroovyTemplate.java:262)
	at play.templates.GroovyTemplate.internalRender(GroovyTemplate.java:262)
	at play.templates.GroovyTemplate.internalRender(GroovyTemplate.java:262)
	at play.templates.GroovyTemplate.internalRender(GroovyTemplate.java:262)
	at play.templates.GroovyTemplate.internalRender(GroovyTemplate.java:262)
	at play.templates.GroovyTemplate.internalRender(GroovyTemplate.java:262)
	at play.templates.GroovyTemplate.internalRender(GroovyTemplate.java:262)
	at play.templates.GroovyTemplate.internalRender(GroovyTemplate.java:262)
	at play.templates.GroovyTemplate.internalRender(GroovyTemplate.java:262)
	at play.templates.GroovyTemplate.internalRender(GroovyTemplate.java:262)
	at play.templates.GroovyTemplate.internalRender(GroovyTemplate.java:262)
	at play.templates.GroovyTemplate.internalRender(GroovyTemplate.java:262)
	at play.templates.GroovyTemplate.internalRender(GroovyTemplate.java:262)
	at play.templates.GroovyTemplate.internalRender(GroovyTemplate.java:262)
	at play.templates.GroovyTemplate.internalRender(GroovyTemplate.java:262)
	at play.templates.GroovyTemplate.internalRender(GroovyTemplate.java:262)
	at play.templates.GroovyTemplate.internalRender(GroovyTemplate.java:262)
	at play.templates.GroovyTemplate.internalRender(GroovyTemplate.java:262)
	at play.templates.GroovyTemplate.internalRender(GroovyTemplate.java:262)
	at play.templates.GroovyTemplate.internalRender(GroovyTemplate.java:262)
	at play.templates.GroovyTemplate.internalRender(GroovyTemplate.java:262)
	at play.templates.GroovyTemplate.internalRender(GroovyTemplate.java:262)
	at play.templates.GroovyTemplate.internalRender(GroovyTemplate.java:262)
	at play.templates.GroovyTemplate.internalRender(GroovyTemplate.java:262)
	at play.templates.GroovyTemplate.internalRender(GroovyTemplate.java:262)
	at play.templates.GroovyTemplate.internalRender(GroovyTemplate.java:262)
	at play.templates.GroovyTemplate.internalRender(GroovyTemplate.java:262)
	at play.templates.GroovyTemplate.internalRender(GroovyTemplate.java:262)
	at play.templates.GroovyTemplate.internalRender(GroovyTemplate.java:262)
	at play.templates.GroovyTemplate.internalRender(GroovyTemplate.java:262)
	at play.templates.GroovyTemplate.internalRender(GroovyTemplate.java:262)
	at play.templates.GroovyTemplate.internalRender(GroovyTemplate.java:262)
	at play.templates.GroovyTemplate.internalRender(GroovyTemplate.java:262)
	at play.templates.GroovyTemplate.internalRender(GroovyTemplate.java:262)
	at play.templates.GroovyTemplate.internalRender(GroovyTemplate.java:262)
	at play.templates.GroovyTemplate.internalRender(GroovyTemplate.java:262)
	at play.templates.GroovyTemplate.internalRender(GroovyTemplate.java:262)
	at play.templates.GroovyTemplate.internalRender(GroovyTemplate.java:262)
	at play.templates.GroovyTemplate.internalRender(GroovyTemplate.java:262)
	at play.templates.GroovyTemplate.internalRender(GroovyTemplate.java:262)
	at play.templates.GroovyTemplate.internalRender(GroovyTemplate.java:262)
	at play.templates.GroovyTemplate.internalRender(GroovyTemplate.java:262)
	at play.templates.GroovyTemplate.internalRender(GroovyTemplate.java:262)
	at play.templates.GroovyTemplate.internalRender(GroovyTemplate.java:262)
	at play.templates.GroovyTemplate.internalRender(GroovyTemplate.java:262)
	at play.templates.GroovyTemplate.internalRender(GroovyTemplate.java:262)
	at play.templates.GroovyTemplate.internalRender(GroovyTemplate.java:262)
	at play.templates.GroovyTemplate.internalRender(GroovyTemplate.java:262)
	at play.templates.GroovyTemplate.internalRender(GroovyTemplate.java:262)
	at play.templates.GroovyTemplate.internalRender(GroovyTemplate.java:262)
	at play.templates.GroovyTemplate.internalRender(GroovyTemplate.java:262)
	at play.templates.GroovyTemplate.internalRender(GroovyTemplate.java:262)
	at play.templates.GroovyTemplate.internalRender(GroovyTemplate.java:262)
	at play.templates.GroovyTemplate.internalRender(GroovyTemplate.java:262)
	at play.templates.GroovyTemplate.internalRender(GroovyTemplate.java:262)
	at play.templates.GroovyTemplate.internalRender(GroovyTemplate.java:262)
	at play.templates.GroovyTemplate.internalRender(GroovyTemplate.java:262)
	at play.templates.GroovyTemplate.internalRender(GroovyTemplate.java:262)
	at play.templates.GroovyTemplate.internalRender(GroovyTemplate.java:262)
	at play.templates.GroovyTemplate.internalRender(GroovyTemplate.java:262)
	at play.templates.GroovyTemplate.internalRender(GroovyTemplate.java:262)
	at play.templates.GroovyTemplate.internalRender(GroovyTemplate.java:262)
	at play.templates.GroovyTemplate.internalRender(GroovyTemplate.java:262)
	at play.templates.GroovyTemplate.internalRender(GroovyTemplate.java:262)
	at play.templates.GroovyTemplate.internalRender(GroovyTemplate.java:262)
	at play.templates.GroovyTemplate.internalRender(GroovyTemplate.java:262)
	at play.templates.GroovyTemplate.internalRender(GroovyTemplate.java:262)
	at play.templates.GroovyTemplate.internalRender(GroovyTemplate.java:262)
	at play.templates.GroovyTemplate.internalRender(GroovyTemplate.java:262)
	at play.templates.GroovyTemplate.internalRender(GroovyTemplate.java:262)
	at play.templates.GroovyTemplate.internalRender(GroovyTemplate.java:262)
	at play.templates.GroovyTemplate.internalRender(GroovyTemplate.java:262)
	at play.templates.GroovyTemplate.internalRender(GroovyTemplate.java:262)
	at play.templates.GroovyTemplate.internalRender(GroovyTemplate.java:262)
	at play.templates.GroovyTemplate.internalRender(GroovyTemplate.java:262)
	at play.templates.GroovyTemplate.internalRender(GroovyTemplate.java:262)
	at play.templates.GroovyTemplate.internalRender(GroovyTemplate.java:262)
	at play.templates.GroovyTemplate.internalRender(GroovyTemplate.java:262)
	at play.templates.GroovyTemplate.internalRender(GroovyTemplate.java:262)
	at play.templates.GroovyTemplate.internalRender(GroovyTemplate.java:262)
	at play.templates.GroovyTemplate.internalRender(GroovyTemplate.java:262)
	at play.templates.GroovyTemplate.internalRender(GroovyTemplate.java:262)
	at play.templates.GroovyTemplate.internalRender(GroovyTemplate.java:262)
	at play.templates.GroovyTemplate.internalRender(GroovyTemplate.java:262)
	at play.templates.GroovyTemplate.internalRender(GroovyTemplate.java:262)
	at play.templates.GroovyTemplate.internalRender(GroovyTemplate.java:262)
	at play.templates.GroovyTemplate.internalRender(GroovyTemplate.java:262)
	at play.templates.GroovyTemplate.internalRender(GroovyTemplate.java:262)
	at play.templates.GroovyTemplate.internalRender(GroovyTemplate.java:262)
	at play.templates.GroovyTemplate.internalRender(GroovyTemplate.java:262)
	at play.templates.GroovyTemplate.internalRender(GroovyTemplate.java:262)
	at play.templates.GroovyTemplate.internalRender(GroovyTemplate.java:262)
	at play.templates.GroovyTemplate.internalRender(GroovyTemplate.java:262)
	at play.templates.GroovyTemplate.internalRender(GroovyTemplate.java:262)
	at play.templates.GroovyTemplate.internalRender(GroovyTemplate.java:262)
	at play.templates.GroovyTemplate.internalRender(GroovyTemplate.java:262)
	at play.templates.GroovyTemplate.internalRender(GroovyTemplate.java:262)
	at play.templates.GroovyTemplate.internalRender(GroovyTemplate.java:262)
	at play.templates.GroovyTemplate.internalRender(GroovyTemplate.java:262)
	at play.templates.GroovyTemplate.internalRender(GroovyTemplate.java:262)
	at play.templates.GroovyTemplate.internalRender(GroovyTemplate.java:262)
	at play.templates.GroovyTemplate.internalRender(GroovyTemplate.java:262)
	at play.templates.GroovyTemplate.internalRender(GroovyTemplate.java:262)
	at play.templates.GroovyTemplate.internalRender(GroovyTemplate.java:262)
	at play.templates.GroovyTemplate.internalRender(GroovyTemplate.java:262)
	at play.templates.GroovyTemplate.internalRender(GroovyTemplate.java:262)
	at play.templates.GroovyTemplate.internalRender(GroovyTemplate.java:262)
	at play.templates.GroovyTemplate.internalRender(GroovyTemplate.java:262)
	at play.templates.GroovyTemplate.internalRender(GroovyTemplate.java:262)
	at play.templates.GroovyTemplate.internalRender(GroovyTemplate.java:262)
	at play.templates.GroovyTemplate.internalRender(GroovyTemplate.java:262)
	at play.templates.GroovyTemplate.internalRender(GroovyTemplate.java:262)
	at play.templates.GroovyTemplate.internalRender(GroovyTemplate.java:262)
	at play.templates.GroovyTemplate.internalRender(GroovyTemplate.java:262)
	at play.templates.GroovyTemplate.internalRender(GroovyTemplate.java:262)
	at play.templates.GroovyTemplate.internalRender(GroovyTemplate.java:262)
	at play.templates.GroovyTemplate.internalRender(GroovyTemplate.java:262)
	at play.templates.GroovyTemplate.internalRender(GroovyTemplate.java:262)
	at play.templates.GroovyTemplate.internalRender(GroovyTemplate.java:262)
	at play.templates.GroovyTemplate.internalRender(GroovyTemplate.java:262)
	at play.templates.GroovyTemplate.internalRender(GroovyTemplate.java:262)
	at play.templates.GroovyTemplate.internalRender(GroovyTemplate.java:262)
	at play.templates.GroovyTemplate.internalRender(GroovyTemplate.java:262)
	at play.templates.GroovyTemplate.internalRender(GroovyTemplate.java:262)
	at play.templates.GroovyTemplate.internalRender(GroovyTemplate.java:262)
	at play.templates.GroovyTemplate.internalRender(GroovyTemplate.java:262)
	at play.templates.GroovyTemplate.internalRender(GroovyTemplate.java:262)
	at play.templates.GroovyTemplate.internalRender(GroovyTemplate.java:262)
	at play.templates.GroovyTemplate.internalRender(GroovyTemplate.java:262)
	at play.templates.GroovyTemplate.internalRender(GroovyTemplate.java:262)
	at play.templates.GroovyTemplate.internalRender(GroovyTemplate.java:262)
	at play.templates.GroovyTemplate.internalRender(GroovyTemplate.java:262)
	at play.templates.GroovyTemplate.internalRender(GroovyTemplate.java:262)
	at play.templates.GroovyTemplate.internalRender(GroovyTemplate.java:262)
	at play.templates.GroovyTemplate.internalRender(GroovyTemplate.java:262)
	at play.templates.GroovyTemplate.internalRender(GroovyTemplate.java:262)
	at play.templates.GroovyTemplate.internalRender(GroovyTemplate.java:262)
	at play.templates.GroovyTemplate.internalRender(GroovyTemplate.java:262)
	at play.templates.GroovyTemplate.internalRender(GroovyTemplate.java:262)
	at play.templates.GroovyTemplate.internalRender(GroovyTemplate.java:262)
	at play.templates.GroovyTemplate.internalRender(GroovyTemplate.java:262)
	at play.templates.GroovyTemplate.internalRender(GroovyTemplate.java:262)
	at play.templates.GroovyTemplate.internalRender(GroovyTemplate.java:262)
	at play.templates.GroovyTemplate.internalRender(GroovyTemplate.java:262)
	at play.templates.GroovyTemplate.internalRender(GroovyTemplate.java:262)
	at play.templates.GroovyTemplate.internalRender(GroovyTemplate.java:262)
	at play.templates.GroovyTemplate.internalRender(GroovyTemplate.java:262)
	at play.templates.GroovyTemplate.internalRender(GroovyTemplate.java:262)
	at play.templates.GroovyTemplate.internalRender(GroovyTemplate.java:262)
	at play.templates.GroovyTemplate.internalRender(GroovyTemplate.java:262)
	at play.templates.GroovyTemplate.internalRender(GroovyTemplate.java:262)
	at play.templates.GroovyTemplate.internalRender(GroovyTemplate.java:262)
	at play.templates.GroovyTemplate.internalRender(GroovyTemplate.java:262)
	at play.templates.GroovyTemplate.internalRender(GroovyTemplate.java:262)
	at play.templates.GroovyTemplate.internalRender(GroovyTemplate.java:262)
	at play.templates.GroovyTemplate.internalRender(GroovyTemplate.java:262)
	at play.templates.GroovyTemplate.internalRender(GroovyTemplate.java:262)
	at play.templates.GroovyTemplate.internalRender(GroovyTemplate.java:262)
	at play.templates.GroovyTemplate.internalRender(GroovyTemplate.java:262)
	at play.templates.GroovyTemplate.internalRender(GroovyTemplate.java:262)
	at play.templates.GroovyTemplate.internalRender(GroovyTemplate.java:262)
	at play.templates.GroovyTemplate.internalRender(GroovyTemplate.java:262)
	at play.templates.GroovyTemplate.internalRender(GroovyTemplate.java:262)
	at play.templates.GroovyTemplate.internalRender(GroovyTemplate.java:262)
	at play.templates.GroovyTemplate.internalRender(GroovyTemplate.java:262)
	at play.templates.GroovyTemplate.internalRender(GroovyTemplate.java:262)
	at play.templates.GroovyTemplate.internalRender(GroovyTemplate.java:262)
	at play.templates.GroovyTemplate.internalRender(GroovyTemplate.java:262)
	at play.templates.GroovyTemplate.internalRender(GroovyTemplate.java:262)
	at play.templates.GroovyTemplate.internalRender(GroovyTemplate.java:262)
	at play.templates.GroovyTemplate.internalRender(GroovyTemplate.java:262)
	at play.templates.GroovyTemplate.internalRender(GroovyTemplate.java:262)
	at play.templates.GroovyTemplate.internalRender(GroovyTemplate.java:262)
	at play.templates.GroovyTemplate.internalRender(GroovyTemplate.java:262)
	at play.templates.GroovyTemplate.internalRender(GroovyTemplate.java:262)
	at play.templates.GroovyTemplate.internalRender(GroovyTemplate.java:262)
	at play.templates.GroovyTemplate.internalRender(GroovyTemplate.java:262)
	at play.templates.GroovyTemplate.internalRender(GroovyTemplate.java:262)
	at play.templates.GroovyTemplate.internalRender(GroovyTemplate.java:262)
	at play.templates.GroovyTemplate.internalRender(GroovyTemplate.java:262)
	at play.templates.GroovyTemplate.internalRender(GroovyTemplate.java:262)
	at play.templates.GroovyTemplate.internalRender(GroovyTemplate.java:262)
	at play.templates.GroovyTemplate.internalRender(GroovyTemplate.java:262)
	at play.templates.GroovyTemplate.internalRender(GroovyTemplate.java:262)
	at play.templates.GroovyTemplate.internalRender(GroovyTemplate.java:262)
	at play.templates.GroovyTemplate.internalRender(GroovyTemplate.java:262)
	at play.templates.GroovyTemplate.internalRender(GroovyTemplate.java:262)
	at play.templates.GroovyTemplate.internalRender(GroovyTemplate.java:262)
	at play.templates.GroovyTemplate.internalRender(GroovyTemplate.java:262)
	at play.templates.GroovyTemplate.internalRender(GroovyTemplate.java:262)
	at play.templates.GroovyTemplate.internalRender(GroovyTemplate.java:262)
	at play.templates.GroovyTemplate.internalRender(GroovyTemplate.java:262)
	at play.templates.GroovyTemplate.internalRender(GroovyTemplate.java:262)
	at play.templates.GroovyTemplate.internalRender(GroovyTemplate.java:262)
	at play.templates.GroovyTemplate.internalRender(GroovyTemplate.java:262)
	at play.templates.GroovyTemplate.internalRender(GroovyTemplate.java:262)
	at play.templates.GroovyTemplate.internalRender(GroovyTemplate.java:262)
	at play.templates.GroovyTemplate.internalRender(GroovyTemplate.java:262)
	at play.templates.GroovyTemplate.internalRender(GroovyTemplate.java:262)
	at play.templates.GroovyTemplate.internalRender(GroovyTemplate.java:262)
	at play.templates.GroovyTemplate.internalRender(GroovyTemplate.java:262)
	at play.templates.GroovyTemplate.internalRender(GroovyTemplate.java:262)
	at play.templates.GroovyTemplate.internalRender(GroovyTemplate.java:262)
	at play.templates.GroovyTemplate.internalRender(GroovyTemplate.java:262)
	at play.templates.GroovyTemplate.internalRender(GroovyTemplate.java:262)
	at play.templates.GroovyTemplate.internalRender(GroovyTemplate.java:262)
	at play.templates.GroovyTemplate.internalRender(GroovyTemplate.java:262)
	at play.templates.GroovyTemplate.internalRender(GroovyTemplate.java:262)
	at play.templates.GroovyTemplate.internalRender(GroovyTemplate.java:262)
	at play.templates.GroovyTemplate.internalRender(GroovyTemplate.java:262)
	at play.templates.GroovyTemplate.internalRender(GroovyTemplate.java:262)
	at play.templates.GroovyTemplate.internalRender(GroovyTemplate.java:262)
	at play.templates.GroovyTemplate.internalRender(GroovyTemplate.java:262)
	at play.templates.GroovyTemplate.internalRender(GroovyTemplate.java:262)
	at play.templates.GroovyTemplate.internalRender(GroovyTemplate.java:262)
	at play.templates.GroovyTemplate.internalRender(GroovyTemplate.java:262)
	at play.templates.GroovyTemplate.internalRender(GroovyTemplate.java:262)
	at play.templates.GroovyTemplate.internalRender(GroovyTemplate.java:262)
	at play.templates.GroovyTemplate.internalRender(GroovyTemplate.java:262)
	at play.templates.GroovyTemplate.internalRender(GroovyTemplate.java:262)
	at play.templates.GroovyTemplate.internalRender(GroovyTemplate.java:262)
	at play.templates.GroovyTemplate.internalRender(GroovyTemplate.java:262)
	at play.templates.GroovyTemplate.internalRender(GroovyTemplate.java:262)
	at play.templates.GroovyTemplate.internalRender(GroovyTemplate.java:262)
	at play.templates.GroovyTemplate.internalRender(GroovyTemplate.java:262)
	at play.templates.GroovyTemplate.internalRender(GroovyTemplate.java:262)
	at play.templates.GroovyTemplate.internalRender(GroovyTemplate.java:262)
	at play.templates.GroovyTemplate.internalRender(GroovyTemplate.java:262)
	at play.templates.GroovyTemplate.internalRender(GroovyTemplate.java:262)
	at play.templates.GroovyTemplate.internalRender(GroovyTemplate.java:262)
	at play.templates.GroovyTemplate.internalRender(GroovyTemplate.java:262)
	at play.templates.GroovyTemplate.internalRender(GroovyTemplate.java:262)
	at play.templates.GroovyTemplate.internalRender(GroovyTemplate.java:262)
	at play.templates.GroovyTemplate.internalRender(GroovyTemplate.java:262)
	at play.templates.GroovyTemplate.internalRender(GroovyTemplate.java:262)
	at play.templates.GroovyTemplate.internalRender(GroovyTemplate.java:262)
	at play.templates.GroovyTemplate.internalRender(GroovyTemplate.java:262)
	at play.templates.GroovyTemplate.internalRender(GroovyTemplate.java:262)
	at play.templates.GroovyTemplate.internalRender(GroovyTemplate.java:262)
	at play.templates.GroovyTemplate.internalRender(GroovyTemplate.java:262)
	at play.templates.GroovyTemplate.internalRender(GroovyTemplate.java:262)
	at play.templates.GroovyTemplate.internalRender(GroovyTemplate.java:262)
	at play.templates.GroovyTemplate.internalRender(GroovyTemplate.java:262)
	at play.templates.GroovyTemplate.internalRender(GroovyTemplate.java:262)
	at play.templates.GroovyTemplate.internalRender(GroovyTemplate.java:262)
	at play.templates.GroovyTemplate.internalRender(GroovyTemplate.java:262)
	at play.templates.GroovyTemplate.internalRender(GroovyTemplate.java:262)
	at play.templates.GroovyTemplate.internalRender(GroovyTemplate.java:262)
	at play.templates.GroovyTemplate.internalRender(GroovyTemplate.java:262)
	at play.templates.GroovyTemplate.internalRender(GroovyTemplate.java:262)
	at play.templates.GroovyTemplate.internalRender(GroovyTemplate.java:262)
	at play.templates.GroovyTemplate.internalRender(GroovyTemplate.java:262)
	at play.templates.GroovyTemplate.internalRender(GroovyTemplate.java:262)
	at play.templates.GroovyTemplate.internalRender(GroovyTemplate.java:262)
	at play.templates.GroovyTemplate.internalRender(GroovyTemplate.java:262)
	at play.templates.GroovyTemplate.internalRender(GroovyTemplate.java:262)
	at play.templates.GroovyTemplate.internalRender(GroovyTemplate.java:262)
	at play.templates.GroovyTemplate.internalRender(GroovyTemplate.java:262)
	at play.templates.GroovyTemplate.internalRender(GroovyTemplate.java:262)
	at play.templates.GroovyTemplate.internalRender(GroovyTemplate.java:262)
	at play.templates.GroovyTemplate.internalRender(GroovyTemplate.java:262)
	at play.templates.GroovyTemplate.internalRender(GroovyTemplate.java:262)
	at play.templates.GroovyTemplate.internalRender(GroovyTemplate.java:262)
	at play.templates.GroovyTemplate.internalRender(GroovyTemplate.java:262)
	at play.templates.GroovyTemplate.internalRender(GroovyTemplate.java:262)
	at play.templates.GroovyTemplate.internalRender(GroovyTemplate.java:262)
	at play.templates.GroovyTemplate.internalRender(GroovyTemplate.java:262)
	at play.templates.GroovyTemplate.internalRender(GroovyTemplate.java:262)
	at play.templates.GroovyTemplate.internalRender(GroovyTemplate.java:262)
	at play.templates.GroovyTemplate.internalRender(GroovyTemplate.java:262)
	at play.templates.GroovyTemplate.internalRender(GroovyTemplate.java:262)
	at play.templates.GroovyTemplate.internalRender(GroovyTemplate.java:262)
	at play.templates.GroovyTemplate.internalRender(GroovyTemplate.java:262)
	at play.templates.GroovyTemplate.internalRender(GroovyTemplate.java:262)
	at play.templates.GroovyTemplate.internalRender(GroovyTemplate.java:262)
	at play.templates.GroovyTemplate.internalRender(GroovyTemplate.java:262)
	at play.templates.GroovyTemplate.internalRender(GroovyTemplate.java:262)
	at play.templates.GroovyTemplate.internalRender(GroovyTemplate.java:262)
	at play.templates.GroovyTemplate.internalRender(GroovyTemplate.java:262)
	at play.templates.GroovyTemplate.internalRender(GroovyTemplate.java:262)
	at play.templates.GroovyTemplate.internalRender(GroovyTemplate.java:262)
	at play.templates.GroovyTemplate.internalRender(GroovyTemplate.java:262)
	at play.templates.GroovyTemplate.internalRender(GroovyTemplate.java:262)
	at play.templates.GroovyTemplate.internalRender(GroovyTemplate.java:262)
	at play.templates.GroovyTemplate.internalRender(GroovyTemplate.java:262)
	at play.templates.GroovyTemplate.internalRender(GroovyTemplate.java:262)
	at play.templates.GroovyTemplate.internalRender(GroovyTemplate.java:262)
	at play.templates.GroovyTemplate.internalRender(GroovyTemplate.java:262)
	at play.templates.GroovyTemplate.internalRender(GroovyTemplate.java:262)
	at play.templates.GroovyTemplate.internalRender(GroovyTemplate.java:262)
	at play.templates.GroovyTemplate.internalRender(GroovyTemplate.java:262)
	at play.templates.GroovyTemplate.internalRender(GroovyTemplate.java:262)
	at play.templates.GroovyTemplate.internalRender(GroovyTemplate.java:262)
	at play.templates.GroovyTemplate.internalRender(GroovyTemplate.java:262)
	at play.templates.GroovyTemplate.internalRender(GroovyTemplate.java:262)
	at play.templates.GroovyTemplate.internalRender(GroovyTemplate.java:262)
	at play.templates.GroovyTemplate.internalRender(GroovyTemplate.java:262)
	at play.templates.GroovyTemplate.internalRender(GroovyTemplate.java:262)
	at play.templates.GroovyTemplate.internalRender(GroovyTemplate.java:262)
	at play.templates.GroovyTemplate.internalRender(GroovyTemplate.java:262)
	at play.templates.GroovyTemplate.internalRender(GroovyTemplate.java:262)
	at play.templates.GroovyTemplate.internalRender(GroovyTemplate.java:262)
	at play.templates.GroovyTemplate.internalRender(GroovyTemplate.java:262)
	at play.templates.GroovyTemplate.internalRender(GroovyTemplate.java:262)
	at play.templates.GroovyTemplate.internalRender(GroovyTemplate.java:262)
	at play.templates.GroovyTemplate.internalRender(GroovyTemplate.java:262)
	at play.templates.GroovyTemplate.internalRender(GroovyTemplate.java:262)
	at play.templates.GroovyTemplate.internalRender(GroovyTemplate.java:262)
	at play.templates.GroovyTemplate.internalRender(GroovyTemplate.java:262)
	at play.templates.GroovyTemplate.internalRender(GroovyTemplate.java:262)
	at play.templates.GroovyTemplate.internalRender(GroovyTemplate.java:262)
	at play.templates.GroovyTemplate.internalRender(GroovyTemplate.java:262)
	at play.templates.GroovyTemplate.internalRender(GroovyTemplate.java:262)
	at play.templates.GroovyTemplate.internalRender(GroovyTemplate.java:262)
	at play.templates.GroovyTemplate.internalRender(GroovyTemplate.java:262)
	at play.templates.GroovyTemplate.internalRender(GroovyTemplate.java:262)
	at play.templates.GroovyTemplate.internalRender(GroovyTemplate.java:262)
	at play.templates.GroovyTemplate.internalRender(GroovyTemplate.java:262)
	at play.templates.GroovyTemplate.internalRender(GroovyTemplate.java:262)
	at play.templates.GroovyTemplate.internalRender(GroovyTemplate.java:262)
	at play.templates.GroovyTemplate.internalRender(GroovyTemplate.java:262)
	at play.templates.GroovyTemplate.internalRender(GroovyTemplate.java:262)
	at play.templates.GroovyTemplate.internalRender(GroovyTemplate.java:262)
	at play.templates.GroovyTemplate.internalRender(GroovyTemplate.java:262)
	at play.templates.GroovyTemplate.internalRender(GroovyTemplate.java:262)
	at play.templates.GroovyTemplate.internalRender(GroovyTemplate.java:262)
	at play.templates.GroovyTemplate.internalRender(GroovyTemplate.java:262)
	at play.templates.GroovyTemplate.internalRender(GroovyTemplate.java:262)
	at play.templates.GroovyTemplate.internalRender(GroovyTemplate.java:262)
	at play.templates.GroovyTemplate.internalRender(GroovyTemplate.java:262)
	at play.templates.GroovyTemplate.internalRender(GroovyTemplate.java:262)
	at play.templates.GroovyTemplate.internalRender(GroovyTemplate.java:262)
	at play.templates.GroovyTemplate.internalRender(GroovyTemplate.java:262)
	at play.templates.GroovyTemplate.internalRender(GroovyTemplate.java:262)
	at play.templates.GroovyTemplate.internalRender(GroovyTemplate.java:262)
	at play.templates.GroovyTemplate.internalRender(GroovyTemplate.java:262)
	at play.templates.GroovyTemplate.internalRender(GroovyTemplate.java:262)
	at play.templates.GroovyTemplate.internalRender(GroovyTemplate.java:262)
	at play.templates.GroovyTemplate.internalRender(GroovyTemplate.java:262)
	at play.templates.GroovyTemplate.internalRender(GroovyTemplate.java:262)
	at play.templates.GroovyTemplate.internalRender(GroovyTemplate.java:262)
	at play.templates.GroovyTemplate.internalRender(GroovyTemplate.java:262)
	at play.templates.GroovyTemplate.internalRender(GroovyTemplate.java:262)
	at play.templates.GroovyTemplate.internalRender(GroovyTemplate.java:262)
	at play.templates.GroovyTemplate.internalRender(GroovyTemplate.java:262)
	at play.templates.GroovyTemplate.internalRender(GroovyTemplate.java:262)
	at play.templates.GroovyTemplate.internalRender(GroovyTemplate.java:262)
	at play.templates.GroovyTemplate.internalRender(GroovyTemplate.java:262)
	at play.templates.GroovyTemplate.internalRender(GroovyTemplate.java:262)
	at play.templates.GroovyTemplate.internalRender(GroovyTemplate.java:262)
	at play.templates.GroovyTemplate.internalRender(GroovyTemplate.java:262)
	at play.templates.GroovyTemplate.internalRender(GroovyTemplate.java:262)
	at play.templates.GroovyTemplate.internalRender(GroovyTemplate.java:262)
	at play.templates.GroovyTemplate.internalRender(GroovyTemplate.java:262)
	at play.templates.GroovyTemplate.internalRender(GroovyTemplate.java:262)
	at play.templates.GroovyTemplate.internalRender(GroovyTemplate.java:262)
	at play.templates.GroovyTemplate.internalRender(GroovyTemplate.java:262)
	at play.templates.GroovyTemplate.internalRender(GroovyTemplate.java:262)
	at play.templates.GroovyTemplate.internalRender(GroovyTemplate.java:262)
	at play.templates.GroovyTemplate.internalRender(GroovyTemplate.java:262)
	at play.templates.GroovyTemplate.internalRender(GroovyTemplate.java:262)
	at play.templates.GroovyTemplate.internalRender(GroovyTemplate.java:262)
	at play.templates.GroovyTemplate.internalRender(GroovyTemplate.java:262)
	at play.templates.GroovyTemplate.internalRender(GroovyTemplate.java:262)
	at play.templates.GroovyTemplate.internalRender(GroovyTemplate.java:262)
	at play.templates.GroovyTemplate.internalRender(GroovyTemplate.java:262)
	at play.templates.GroovyTemplate.internalRender(GroovyTemplate.java:262)
	at play.templates.GroovyTemplate.internalRender(GroovyTemplate.java:262)
	at play.templates.GroovyTemplate.internalRender(GroovyTemplate.java:262)
	at play.templates.GroovyTemplate.internalRender(GroovyTemplate.java:262)
	at play.templates.GroovyTemplate.internalRender(GroovyTemplate.java:262)
	at play.templates.GroovyTemplate.internalRender(GroovyTemplate.java:262)
	at play.templates.GroovyTemplate.internalRender(GroovyTemplate.java:262)
	at play.templates.GroovyTemplate.internalRender(GroovyTemplate.java:262)
	at play.templates.GroovyTemplate.internalRender(GroovyTemplate.java:262)
	at play.templates.GroovyTemplate.internalRender(GroovyTemplate.java:262)
	at play.templates.GroovyTemplate.internalRender(GroovyTemplate.java:262)
	at play.templates.GroovyTemplate.internalRender(GroovyTemplate.java:262)
	at play.templates.GroovyTemplate.internalRender(GroovyTemplate.java:262)
	at play.templates.GroovyTemplate.internalRender(GroovyTemplate.java:262)
	at play.templates.GroovyTemplate.internalRender(GroovyTemplate.java:262)
	at play.templates.GroovyTemplate.internalRender(GroovyTemplate.java:262)
	at play.templates.GroovyTemplate.internalRender(GroovyTemplate.java:262)
	at play.templates.GroovyTemplate.internalRender(GroovyTemplate.java:262)
	at play.templates.GroovyTemplate.internalRender(GroovyTemplate.java:262)
	at play.templates.GroovyTemplate.internalRender(GroovyTemplate.java:262)
	at play.templates.GroovyTemplate.internalRender(GroovyTemplate.java:262)
	at play.templates.GroovyTemplate.internalRender(GroovyTemplate.java:262)
	at play.templates.GroovyTemplate.internalRender(GroovyTemplate.java:262)
	at play.templates.GroovyTemplate.internalRender(GroovyTemplate.java:262)
	at play.templates.GroovyTemplate.internalRender(GroovyTemplate.java:262)
	at play.templates.GroovyTemplate.internalRender(GroovyTemplate.java:262)
	at play.templates.GroovyTemplate.internalRender(GroovyTemplate.java:262)
	at play.templates.GroovyTemplate.internalRender(GroovyTemplate.java:262)
	at play.templates.GroovyTemplate.internalRender(GroovyTemplate.java:262)
	at play.templates.GroovyTemplate.internalRender(GroovyTemplate.java:262)
	at play.templates.GroovyTemplate.internalRender(GroovyTemplate.java:262)
	at play.templates.GroovyTemplate.internalRender(GroovyTemplate.java:262)
	at play.templates.GroovyTemplate.internalRender(GroovyTemplate.java:262)
	at play.templates.GroovyTemplate.internalRender(GroovyTemplate.java:262)
	at play.templates.GroovyTemplate.internalRender(GroovyTemplate.java:262)
	at play.templates.GroovyTemplate.internalRender(GroovyTemplate.java:262)
	at play.templates.GroovyTemplate.internalRender(GroovyTemplate.java:262)
	at play.templates.GroovyTemplate.internalRender(GroovyTemplate.java:262)
	at play.templates.GroovyTemplate.internalRender(GroovyTemplate.java:262)
	at play.templates.GroovyTemplate.internalRender(GroovyTemplate.java:262)
	at play.templates.GroovyTemplate.internalRender(GroovyTemplate.java:262)
	at play.templates.GroovyTemplate.internalRender(GroovyTemplate.java:262)
	at play.templates.GroovyTemplate.internalRender(GroovyTemplate.java:262)
	at play.templates.GroovyTemplate.internalRender(GroovyTemplate.java:262)
	at play.templates.GroovyTemplate.internalRender(GroovyTemplate.java:262)
	at play.templates.GroovyTemplate.internalRender(GroovyTemplate.java:262)
	at play.templates.GroovyTemplate.internalRender(GroovyTemplate.java:262)
	at play.templates.GroovyTemplate.internalRender(GroovyTemplate.java:262)
	at play.templates.GroovyTemplate.internalRender(GroovyTemplate.java:262)
	at play.templates.GroovyTemplate.internalRender(GroovyTemplate.java:262)
	at play.templates.GroovyTemplate.internalRender(GroovyTemplate.java:262)
	at play.templates.GroovyTemplate.internalRender(GroovyTemplate.java:262)
	at play.templates.GroovyTemplate.internalRender(GroovyTemplate.java:262)
	at play.templates.GroovyTemplate.internalRender(GroovyTemplate.java:262)
	at play.templates.GroovyTemplate.internalRender(GroovyTemplate.java:262)
	at play.templates.GroovyTemplate.internalRender(GroovyTemplate.java:262)
	at play.templates.GroovyTemplate.internalRender(GroovyTemplate.java:262)
	at play.templates.GroovyTemplate.internalRender(GroovyTemplate.java:262)
	at play.templates.GroovyTemplate.internalRender(GroovyTemplate.java:262)
	at play.templates.GroovyTemplate.internalRender(GroovyTemplate.java:262)
	at play.templates.GroovyTemplate.internalRender(GroovyTemplate.java:262)
	at play.templates.GroovyTemplate.internalRender(GroovyTemplate.java:262)
	at play.templates.GroovyTemplate.internalRender(GroovyTemplate.java:262)
	at play.templates.GroovyTemplate.internalRender(GroovyTemplate.java:262)
	at play.templates.GroovyTemplate.internalRender(GroovyTemplate.java:262)
	at play.templates.GroovyTemplate.internalRender(GroovyTemplate.java:262)
	at play.templates.GroovyTemplate.internalRender(GroovyTemplate.java:262)
	at play.templates.GroovyTemplate.internalRender(GroovyTemplate.java:262)
	at play.templates.GroovyTemplate.internalRender(GroovyTemplate.java:262)
	at play.templates.GroovyTemplate.internalRender(GroovyTemplate.java:262)
	at play.templates.GroovyTemplate.internalRender(GroovyTemplate.java:262)
	at play.templates.GroovyTemplate.internalRender(GroovyTemplate.java:262)
	at play.templates.GroovyTemplate.internalRender(GroovyTemplate.java:262)
	at play.templates.GroovyTemplate.internalRender(GroovyTemplate.java:262)
	at play.templates.GroovyTemplate.internalRender(GroovyTemplate.java:262)
	at play.templates.GroovyTemplate.internalRender(GroovyTemplate.java:262)
	at play.templates.GroovyTemplate.internalRender(GroovyTemplate.java:262)
	at play.templates.GroovyTemplate.internalRender(GroovyTemplate.java:262)
	at play.templates.GroovyTemplate.internalRender(GroovyTemplate.java:262)
	at play.templates.GroovyTemplate.internalRender(GroovyTemplate.java:262)
	at play.templates.GroovyTemplate.internalRender(GroovyTemplate.java:262)
	at play.templates.GroovyTemplate.internalRender(GroovyTemplate.java:262)
	at play.templates.GroovyTemplate.internalRender(GroovyTemplate.java:262)
	at play.templates.GroovyTemplate.internalRender(GroovyTemplate.java:262)
	at play.templates.GroovyTemplate.internalRender(GroovyTemplate.java:262)
	at play.templates.GroovyTemplate.internalRender(GroovyTemplate.java:262)
	at play.templates.GroovyTemplate.internalRender(GroovyTemplate.java:262)
	at play.templates.GroovyTemplate.internalRender(GroovyTemplate.java:262)
	at play.templates.GroovyTemplate.internalRender(GroovyTemplate.java:262)
	at play.templates.GroovyTemplate.internalRender(GroovyTemplate.java:262)
	at play.templates.GroovyTemplate.internalRender(GroovyTemplate.java:262)
	at play.templates.GroovyTemplate.internalRender(GroovyTemplate.java:262)
	at play.templates.GroovyTemplate.internalRender(GroovyTemplate.java:262)
	at play.templates.GroovyTemplate.internalRender(GroovyTemplate.java:262)
	at play.templates.GroovyTemplate.internalRender(GroovyTemplate.java:262)
	at play.templates.GroovyTemplate.internalRender(GroovyTemplate.java:262)
	at play.templates.GroovyTemplate.internalRender(GroovyTemplate.java:262)
	at play.templates.GroovyTemplate.internalRender(GroovyTemplate.java:262)
	at play.templates.GroovyTemplate.internalRender(GroovyTemplate.java:262)
	at play.templates.GroovyTemplate.internalRender(GroovyTemplate.java:262)
	at play.templates.GroovyTemplate.internalRender(GroovyTemplate.java:262)
	at play.templates.GroovyTemplate.internalRender(GroovyTemplate.java:262)
	at play.templates.GroovyTemplate.internalRender(GroovyTemplate.java:262)
	at play.templates.GroovyTemplate.internalRender(GroovyTemplate.java:262)
	at play.templates.GroovyTemplate.internalRender(GroovyTemplate.java:262)
	at play.templates.GroovyTemplate.internalRender(GroovyTemplate.java:262)
	at play.templates.GroovyTemplate.internalRender(GroovyTemplate.java:262)
	at play.templates.GroovyTemplate.internalRender(GroovyTemplate.java:262)
	at play.templates.GroovyTemplate.internalRender(GroovyTemplate.java:262)
	at play.templates.GroovyTemplate.internalRender(GroovyTemplate.java:262)
	at play.templates.GroovyTemplate.internalRender(GroovyTemplate.java:262)
	at play.templates.GroovyTemplate.internalRender(GroovyTemplate.java:262)
	at play.templates.GroovyTemplate.internalRender(GroovyTemplate.java:262)
	at play.templates.GroovyTemplate.internalRender(GroovyTemplate.java:262)
	at play.templates.GroovyTemplate.internalRender(GroovyTemplate.java:262)
	at play.templates.GroovyTemplate.internalRender(GroovyTemplate.java:262)
	at play.templates.GroovyTemplate.internalRender(GroovyTemplate.java:262)
	at play.templates.GroovyTemplate.internalRender(GroovyTemplate.java:262)
	at play.templates.GroovyTemplate.internalRender(GroovyTemplate.java:262)
	at play.templates.GroovyTemplate.internalRender(GroovyTemplate.java:262)
	at play.templates.GroovyTemplate.internalRender(GroovyTemplate.java:262)
	at play.templates.GroovyTemplate.internalRender(GroovyTemplate.java:262)
	at play.templates.GroovyTemplate.internalRender(GroovyTemplate.java:262)
	at play.templates.GroovyTemplate.internalRender(GroovyTemplate.java:262)
	at play.templates.GroovyTemplate.internalRender(GroovyTemplate.java:262)
	at play.templates.GroovyTemplate.internalRender(GroovyTemplate.java:262)
	at play.templates.GroovyTemplate.internalRender(GroovyTemplate.java:262)
	at play.templates.GroovyTemplate.internalRender(GroovyTemplate.java:262)
	at play.templates.GroovyTemplate.internalRender(GroovyTemplate.java:262)
	at play.templates.GroovyTemplate.internalRender(GroovyTemplate.java:262)
	at play.templates.GroovyTemplate.internalRender(GroovyTemplate.java:262)
	at play.templates.GroovyTemplate.internalRender(GroovyTemplate.java:262)
	at play.templates.GroovyTemplate.internalRender(GroovyTemplate.java:262)
	at play.templates.GroovyTemplate.internalRender(GroovyTemplate.java:262)
	at play.templates.GroovyTemplate.internalRender(GroovyTemplate.java:262)
	at play.templates.GroovyTemplate.internalRender(GroovyTemplate.java:262)
	at play.templates.GroovyTemplate.internalRender(GroovyTemplate.java:262)
	at play.templates.GroovyTemplate.internalRender(GroovyTemplate.java:262)
	at play.templates.GroovyTemplate.internalRender(GroovyTemplate.java:262)
	at play.templates.GroovyTemplate.internalRender(GroovyTemplate.java:262)
	at play.templates.GroovyTemplate.internalRender(GroovyTemplate.java:262)
	at play.templates.GroovyTemplate.internalRender(GroovyTemplate.java:262)
	at play.templates.GroovyTemplate.internalRender(GroovyTemplate.java:262)
	at play.templates.GroovyTemplate.internalRender(GroovyTemplate.java:262)
	at play.templates.GroovyTemplate.internalRender(GroovyTemplate.java:262)
	at play.templates.GroovyTemplate.internalRender(GroovyTemplate.java:262)
	at play.templates.GroovyTemplate.internalRender(GroovyTemplate.java:262)
	at play.templates.GroovyTemplate.internalRender(GroovyTemplate.java:262)
	at play.templates.GroovyTemplate.internalRender(GroovyTemplate.java:262)
	at play.templates.GroovyTemplate.internalRender(GroovyTemplate.java:262)
	at play.templates.GroovyTemplate.internalRender(GroovyTemplate.java:262)
	at play.templates.GroovyTemplate.internalRender(GroovyTemplate.java:262)
	at play.templates.GroovyTemplate.internalRender(GroovyTemplate.java:262)
	at play.templates.GroovyTemplate.internalRender(GroovyTemplate.java:262)
	at play.templates.GroovyTemplate.internalRender(GroovyTemplate.java:262)
	at play.templates.GroovyTemplate.internalRender(GroovyTemplate.java:262)
	at play.templates.GroovyTemplate.internalRender(GroovyTemplate.java:262)
	at play.templates.GroovyTemplate.internalRender(GroovyTemplate.java:262)
	at play.templates.GroovyTemplate.internalRender(GroovyTemplate.java:262)
	at play.templates.GroovyTemplate.internalRender(GroovyTemplate.java:262)
	at play.templates.GroovyTemplate.internalRender(GroovyTemplate.java:262)
	at play.templates.GroovyTemplate.internalRender(GroovyTemplate.java:262)
	at play.templates.GroovyTemplate.internalRender(GroovyTemplate.java:262)
	at play.templates.GroovyTemplate.internalRender(GroovyTemplate.java:262)
	at play.templates.GroovyTemplate.internalRender(GroovyTemplate.java:262)
	at play.templates.GroovyTemplate.internalRender(GroovyTemplate.java:262)
	at play.templates.GroovyTemplate.internalRender(GroovyTemplate.java:262)
	at play.templates.GroovyTemplate.internalRender(GroovyTemplate.java:262)
	at play.templates.GroovyTemplate.internalRender(GroovyTemplate.java:262)
	at play.templates.GroovyTemplate.internalRender(GroovyTemplate.java:262)
	at play.templates.GroovyTemplate.internalRender(GroovyTemplate.java:262)
	at play.templates.GroovyTemplate.internalRender(GroovyTemplate.java:262)
	at play.templates.GroovyTemplate.internalRender(GroovyTemplate.java:262)
	at play.templates.GroovyTemplate.internalRender(GroovyTemplate.java:262)
	at play.templates.GroovyTemplate.internalRender(GroovyTemplate.java:262)
	at play.templates.GroovyTemplate.internalRender(GroovyTemplate.java:262)
	at play.templates.GroovyTemplate.internalRender(GroovyTemplate.java:262)
	at play.templates.GroovyTemplate.internalRender(GroovyTemplate.java:262)
	at play.templates.GroovyTemplate.internalRender(GroovyTemplate.java:262)
	at play.templates.GroovyTemplate.internalRender(GroovyTemplate.java:262)
	at play.templates.GroovyTemplate.internalRender(GroovyTemplate.java:262)
	at play.templates.GroovyTemplate.internalRender(GroovyTemplate.java:262)
	at play.templates.GroovyTemplate.internalRender(GroovyTemplate.java:262)
	at play.templates.GroovyTemplate.internalRender(GroovyTemplate.java:262)
	at play.templates.GroovyTemplate.internalRender(GroovyTemplate.java:262)
	at play.templates.GroovyTemplate.internalRender(GroovyTemplate.java:262)
	at play.templates.GroovyTemplate.internalRender(GroovyTemplate.java:262)
	at play.templates.GroovyTemplate.internalRender(GroovyTemplate.java:262)
	at play.templates.GroovyTemplate.internalRender(GroovyTemplate.java:262)
	at play.templates.GroovyTemplate.internalRender(GroovyTemplate.java:262)
	at play.templates.GroovyTemplate.internalRender(GroovyTemplate.java:262)
	at play.templates.GroovyTemplate.internalRender(GroovyTemplate.java:262)
	at play.templates.GroovyTemplate.internalRender(GroovyTemplate.java:262)
	at play.templates.GroovyTemplate.internalRender(GroovyTemplate.java:262)
	at play.templates.GroovyTemplate.internalRender(GroovyTemplate.java:262)
	at play.templates.GroovyTemplate.internalRender(GroovyTemplate.java:262)
	at play.templates.GroovyTemplate.internalRender(GroovyTemplate.java:262)
	at play.templates.GroovyTemplate.internalRender(GroovyTemplate.java:262)
	at play.templates.GroovyTemplate.internalRender(GroovyTemplate.java:262)
	at play.templates.GroovyTemplate.internalRender(GroovyTemplate.java:262)
	at play.templates.GroovyTemplate.internalRender(GroovyTemplate.java:262)
	at play.templates.GroovyTemplate.internalRender(GroovyTemplate.java:262)
	at play.templates.GroovyTemplate.internalRender(GroovyTemplate.java:262)
	at play.templates.GroovyTemplate.internalRender(GroovyTemplate.java:262)
	at play.templates.GroovyTemplate.internalRender(GroovyTemplate.java:262)
	at play.templates.GroovyTemplate.internalRender(GroovyTemplate.java:262)
	at play.templates.GroovyTemplate.internalRender(GroovyTemplate.java:262)
	at play.templates.GroovyTemplate.internalRender(GroovyTemplate.java:262)
	at play.templates.GroovyTemplate.internalRender(GroovyTemplate.java:262)
	at play.templates.GroovyTemplate.internalRender(GroovyTemplate.java:262)
	at play.templates.GroovyTemplate.internalRender(GroovyTemplate.java:262)
	at play.templates.GroovyTemplate.internalRender(GroovyTemplate.java:262)
	at play.templates.GroovyTemplate.internalRender(GroovyTemplate.java:262)
	at play.templates.GroovyTemplate.internalRender(GroovyTemplate.java:262)
	at play.templates.GroovyTemplate.internalRender(GroovyTemplate.java:262)
	at play.templates.GroovyTemplate.internalRender(GroovyTemplate.java:262)
	at play.templates.GroovyTemplate.internalRender(GroovyTemplate.java:262)
	at play.templates.GroovyTemplate.internalRender(GroovyTemplate.java:262)
	at play.templates.GroovyTemplate.internalRender(GroovyTemplate.java:262)
	at play.templates.GroovyTemplate.internalRender(GroovyTemplate.java:262)
	at play.templates.GroovyTemplate.internalRender(GroovyTemplate.java:262)
	at play.templates.GroovyTemplate.internalRender(GroovyTemplate.java:262)
	at play.templates.GroovyTemplate.internalRender(GroovyTemplate.java:262)
	at play.templates.GroovyTemplate.internalRender(GroovyTemplate.java:262)
	at play.templates.GroovyTemplate.internalRender(GroovyTemplate.java:262)
	at play.templates.GroovyTemplate.internalRender(GroovyTemplate.java:262)
	at play.templates.GroovyTemplate.internalRender(GroovyTemplate.java:262)
	at play.templates.GroovyTemplate.internalRender(GroovyTemplate.java:262)
	at play.templates.GroovyTemplate.internalRender(GroovyTemplate.java:262)
	at play.templates.GroovyTemplate.internalRender(GroovyTemplate.java:262)
	at play.templates.GroovyTemplate.internalRender(GroovyTemplate.java:262)
	at play.templates.GroovyTemplate.internalRender(GroovyTemplate.java:262)
	at play.templates.GroovyTemplate.internalRender(GroovyTemplate.java:262)
	at play.templates.GroovyTemplate.internalRender(GroovyTemplate.java:262)
	at play.templates.GroovyTemplate.internalRender(GroovyTemplate.java:262)
	at play.templates.GroovyTemplate.internalRender(GroovyTemplate.java:262)
	at play.templates.GroovyTemplate.internalRender(GroovyTemplate.java:262)
	at play.templates.GroovyTemplate.internalRender(GroovyTemplate.java:262)
	at play.templates.GroovyTemplate.internalRender(GroovyTemplate.java:262)
	at play.templates.GroovyTemplate.internalRender(GroovyTemplate.java:262)
	at play.templates.GroovyTemplate.internalRender(GroovyTemplate.java:262)
	at play.templates.GroovyTemplate.internalRender(GroovyTemplate.java:262)
	at play.templates.GroovyTemplate.internalRender(GroovyTemplate.java:262)
	at play.templates.GroovyTemplate.internalRender(GroovyTemplate.java:262)
	at play.templates.GroovyTemplate.internalRender(GroovyTemplate.java:262)
	at play.templates.GroovyTemplate.internalRender(GroovyTemplate.java:262)
	at play.templates.GroovyTemplate.internalRender(GroovyTemplate.java:262)
	at play.templates.GroovyTemplate.internalRender(GroovyTemplate.java:262)
	at play.templates.GroovyTemplate.internalRender(GroovyTemplate.java:262)
	at play.templates.GroovyTemplate.internalRender(GroovyTemplate.java:262)
	at play.templates.GroovyTemplate.internalRender(GroovyTemplate.java:262)
	at play.templates.GroovyTemplate.internalRender(GroovyTemplate.java:262)
	at play.templates.GroovyTemplate.internalRender(GroovyTemplate.java:262)
	at play.templates.GroovyTemplate.internalRender(GroovyTemplate.java:262)
	at play.templates.GroovyTemplate.internalRender(GroovyTemplate.java:262)
	at play.templates.GroovyTemplate.internalRender(GroovyTemplate.java:262)
	at play.templates.GroovyTemplate.internalRender(GroovyTemplate.java:262)
	at play.templates.GroovyTemplate.internalRender(GroovyTemplate.java:262)
	at play.templates.GroovyTemplate.internalRender(GroovyTemplate.java:262)
	at play.templates.GroovyTemplate.internalRender(GroovyTemplate.java:262)
	at play.templates.GroovyTemplate.internalRender(GroovyTemplate.java:262)
	at play.templates.GroovyTemplate.internalRender(GroovyTemplate.java:262)
	at play.templates.GroovyTemplate.internalRender(GroovyTemplate.java:262)
	at play.templates.GroovyTemplate.internalRender(GroovyTemplate.java:262)
	at play.templates.GroovyTemplate.internalRender(GroovyTemplate.java:262)
	at play.templates.GroovyTemplate.internalRender(GroovyTemplate.java:262)
	at play.templates.GroovyTemplate.internalRender(GroovyTemplate.java:262)
	at play.templates.GroovyTemplate.internalRender(GroovyTemplate.java:262)
	at play.templates.GroovyTemplate.internalRender(GroovyTemplate.java:262)
	at play.templates.GroovyTemplate.internalRender(GroovyTemplate.java:262)
	at play.templates.GroovyTemplate.internalRender(GroovyTemplate.java:262)
	at play.templates.GroovyTemplate.internalRender(GroovyTemplate.java:262)
	at play.templates.GroovyTemplate.internalRender(GroovyTemplate.java:262)
	at play.templates.GroovyTemplate.internalRender(GroovyTemplate.java:262)
	at play.templates.GroovyTemplate.internalRender(GroovyTemplate.java:262)
	at play.templates.GroovyTemplate.internalRender(GroovyTemplate.java:262)
	at play.templates.GroovyTemplate.internalRender(GroovyTemplate.java:262)
	at play.templates.GroovyTemplate.internalRender(GroovyTemplate.java:262)
	at play.templates.GroovyTemplate.internalRender(GroovyTemplate.java:262)
	at play.templates.GroovyTemplate.internalRender(GroovyTemplate.java:262)
	at play.templates.GroovyTemplate.internalRender(GroovyTemplate.java:262)
	at play.templates.GroovyTemplate.internalRender(GroovyTemplate.java:262)
	at play.templates.GroovyTemplate.internalRender(GroovyTemplate.java:262)
	at play.templates.GroovyTemplate.internalRender(GroovyTemplate.java:262)
	at play.templates.GroovyTemplate.internalRender(GroovyTemplate.java:262)
	at play.templates.GroovyTemplate.internalRender(GroovyTemplate.java:262)
	at play.templates.GroovyTemplate.internalRender(GroovyTemplate.java:262)
	at play.templates.GroovyTemplate.internalRender(GroovyTemplate.java:262)
	at play.templates.GroovyTemplate.internalRender(GroovyTemplate.java:262)
	at play.templates.GroovyTemplate.internalRender(GroovyTemplate.java:262)
	at play.templates.GroovyTemplate.internalRender(GroovyTemplate.java:262)
	at play.templates.GroovyTemplate.internalRender(GroovyTemplate.java:262)
	at play.templates.GroovyTemplate.internalRender(GroovyTemplate.java:262)
	at play.templates.GroovyTemplate.internalRender(GroovyTemplate.java:262)
	at play.templates.GroovyTemplate.internalRender(GroovyTemplate.java:262)
	at play.templates.GroovyTemplate.internalRender(GroovyTemplate.java:262)
	at play.templates.GroovyTemplate.internalRender(GroovyTemplate.java:262)
	at play.templates.GroovyTemplate.internalRender(GroovyTemplate.java:262)
	at play.templates.GroovyTemplate.internalRender(GroovyTemplate.java:262)
	at play.templates.GroovyTemplate.internalRender(GroovyTemplate.java:262)
	at play.templates.GroovyTemplate.internalRender(GroovyTemplate.java:262)
	at play.templates.GroovyTemplate.internalRender(GroovyTemplate.java:262)
	at play.templates.GroovyTemplate.internalRender(GroovyTemplate.java:262)
	at play.templates.GroovyTemplate.internalRender(GroovyTemplate.java:262)
	at play.templates.GroovyTemplate.internalRender(GroovyTemplate.java:262)
	at play.templates.GroovyTemplate.internalRender(GroovyTemplate.java:262)
	at play.templates.GroovyTemplate.internalRender(GroovyTemplate.java:262)
	at play.templates.GroovyTemplate.internalRender(GroovyTemplate.java:262)
	at play.templates.GroovyTemplate.internalRender(GroovyTemplate.java:262)
	at play.templates.GroovyTemplate.internalRender(GroovyTemplate.java:262)
	at play.templates.GroovyTemplate.internalRender(GroovyTemplate.java:262)
	at play.templates.GroovyTemplate.internalRender(GroovyTemplate.java:262)
	at play.templates.GroovyTemplate.internalRender(GroovyTemplate.java:262)
	at play.templates.GroovyTemplate.internalRender(GroovyTemplate.java:262)
	at play.templates.GroovyTemplate.internalRender(GroovyTemplate.java:262)
	at play.templates.GroovyTemplate.internalRender(GroovyTemplate.java:262)
	at play.templates.GroovyTemplate.internalRender(GroovyTemplate.java:262)
	at play.templates.GroovyTemplate.internalRender(GroovyTemplate.java:262)
	at play.templates.GroovyTemplate.internalRender(GroovyTemplate.java:262)
	at play.templates.GroovyTemplate.internalRender(GroovyTemplate.java:262)
	at play.templates.GroovyTemplate.internalRender(GroovyTemplate.java:262)
	at play.templates.GroovyTemplate.internalRender(GroovyTemplate.java:262)
	at play.templates.GroovyTemplate.internalRender(GroovyTemplate.java:262)
	at play.templates.GroovyTemplate.internalRender(GroovyTemplate.java:262)
	at play.templates.GroovyTemplate.internalRender(GroovyTemplate.java:262)
	at play.templates.GroovyTemplate.internalRender(GroovyTemplate.java:262)
	at play.templates.GroovyTemplate.internalRender(GroovyTemplate.java:262)
	at play.templates.GroovyTemplate.internalRender(GroovyTemplate.java:262)
	at play.templates.GroovyTemplate.internalRender(GroovyTemplate.java:262)
	at play.templates.GroovyTemplate.internalRender(GroovyTemplate.java:262)
	at play.templates.GroovyTemplate.internalRender(GroovyTemplate.java:262)
	at play.templates.GroovyTemplate.internalRender(GroovyTemplate.java:262)
	at play.templates.GroovyTemplate.internalRender(GroovyTemplate.java:262)
	at play.templates.GroovyTemplate.internalRender(GroovyTemplate.java:262)
	at play.templates.GroovyTemplate.internalRender(GroovyTemplate.java:262)
	at play.templates.GroovyTemplate.internalRender(GroovyTemplate.java:262)
	at play.templates.GroovyTemplate.internalRender(GroovyTemplate.java:262)
	at play.templates.GroovyTemplate.internalRender(GroovyTemplate.java:262)
	at play.templates.GroovyTemplate.internalRender(GroovyTemplate.java:262)
	at play.templates.GroovyTemplate.internalRender(GroovyTemplate.java:262)
	at play.templates.GroovyTemplate.internalRender(GroovyTemplate.java:262)
	at play.templates.GroovyTemplate.internalRender(GroovyTemplate.java:262)
	at play.templates.GroovyTemplate.internalRender(GroovyTemplate.java:262)
	at play.templates.GroovyTemplate.internalRender(GroovyTemplate.java:262)
	at play.templates.GroovyTemplate.internalRender(GroovyTemplate.java:262)
	at play.templates.GroovyTemplate.internalRender(GroovyTemplate.java:262)
	at play.templates.GroovyTemplate.internalRender(GroovyTemplate.java:262)
	at play.templates.GroovyTemplate.internalRender(GroovyTemplate.java:262)
	at play.templates.GroovyTemplate.internalRender(GroovyTemplate.java:262)
	at play.templates.GroovyTemplate.internalRender(GroovyTemplate.java:262)
	at play.templates.GroovyTemplate.internalRender(GroovyTemplate.java:262)
	at play.templates.GroovyTemplate.internalRender(GroovyTemplate.java:262)
	at play.templates.GroovyTemplate.internalRender(GroovyTemplate.java:262)
	at play.templates.GroovyTemplate.internalRender(GroovyTemplate.java:262)
	at play.templates.GroovyTemplate.internalRender(GroovyTemplate.java:262)
	at play.templates.GroovyTemplate.internalRender(GroovyTemplate.java:262)
	at play.templates.GroovyTemplate.internalRender(GroovyTemplate.java:262)
	at play.templates.GroovyTemplate.internalRender(GroovyTemplate.java:262)
	at play.templates.GroovyTemplate.internalRender(GroovyTemplate.java:262)
	at play.templates.GroovyTemplate.internalRender(GroovyTemplate.java:262)
	at play.templates.GroovyTemplate.internalRender(GroovyTemplate.java:262)
	at play.templates.GroovyTemplate.internalRender(GroovyTemplate.java:262)
	at play.templates.GroovyTemplate.internalRender(GroovyTemplate.java:262)
	at play.templates.GroovyTemplate.internalRender(GroovyTemplate.java:262)
	at play.templates.GroovyTemplate.internalRender(GroovyTemplate.java:262)
	at play.templates.GroovyTemplate.internalRender(GroovyTemplate.java:262)
	at play.templates.GroovyTemplate.internalRender(GroovyTemplate.java:262)
	at play.templates.GroovyTemplate.internalRender(GroovyTemplate.java:262)
	at play.templates.GroovyTemplate.internalRender(GroovyTemplate.java:262)
	at play.templates.GroovyTemplate.internalRender(GroovyTemplate.java:262)
	at play.templates.GroovyTemplate.internalRender(GroovyTemplate.java:262)
	at play.templates.GroovyTemplate.internalRender(GroovyTemplate.java:262)
	at play.templates.GroovyTemplate.internalRender(GroovyTemplate.java:262)
	at play.templates.GroovyTemplate.internalRender(GroovyTemplate.java:262)
	at play.templates.GroovyTemplate.internalRender(GroovyTemplate.java:262)
	at play.templates.GroovyTemplate.internalRender(GroovyTemplate.java:262)
	at play.templates.GroovyTemplate.internalRender(GroovyTemplate.java:262)
	at play.templates.GroovyTemplate.internalRender(GroovyTemplate.java:262)
	at play.templates.GroovyTemplate.internalRender(GroovyTemplate.java:262)
	at play.templates.GroovyTemplate.internalRender(GroovyTemplate.java:262)
	at play.templates.GroovyTemplate.internalRender(GroovyTemplate.java:262)
	at play.templates.GroovyTemplate.internalRender(GroovyTemplate.java:262)
	at play.templates.GroovyTemplate.internalRender(GroovyTemplate.java:262)
	at play.templates.GroovyTemplate.internalRender(GroovyTemplate.java:262)
	at play.templates.GroovyTemplate.internalRender(GroovyTemplate.java:262)
	at play.templates.GroovyTemplate.internalRender(GroovyTemplate.java:262)
	at play.templates.GroovyTemplate.internalRender(GroovyTemplate.java:262)
	at play.templates.GroovyTemplate.internalRender(GroovyTemplate.java:262)
	at play.templates.GroovyTemplate.internalRender(GroovyTemplate.java:262)
	at play.templates.GroovyTemplate.internalRender(GroovyTemplate.java:262)
	at play.templates.GroovyTemplate.internalRender(GroovyTemplate.java:262)
	at play.templates.GroovyTemplate.internalRender(GroovyTemplate.java:262)
	at play.templates.GroovyTemplate.internalRender(GroovyTemplate.java:262)
	at play.templates.GroovyTemplate.internalRender(GroovyTemplate.java:262)
	at play.templates.GroovyTemplate.internalRender(GroovyTemplate.java:262)
	at play.templates.GroovyTemplate.internalRender(GroovyTemplate.java:262)
	at play.templates.GroovyTemplate.internalRender(GroovyTemplate.java:262)
	at play.templates.GroovyTemplate.internalRender(GroovyTemplate.java:262)
	at play.templates.GroovyTemplate.internalRender(GroovyTemplate.java:262)
	at play.templates.GroovyTemplate.internalRender(GroovyTemplate.java:262)
	at play.templates.GroovyTemplate.internalRender(GroovyTemplate.java:262)
	at play.templates.GroovyTemplate.internalRender(GroovyTemplate.java:262)
	at play.templates.GroovyTemplate.internalRender(GroovyTemplate.java:262)
	at play.templates.GroovyTemplate.internalRender(GroovyTemplate.java:262)
	at play.templates.GroovyTemplate.internalRender(GroovyTemplate.java:262)
	at play.templates.GroovyTemplate.internalRender(GroovyTemplate.java:262)
	at play.templates.GroovyTemplate.internalRender(GroovyTemplate.java:262)
	at play.templates.GroovyTemplate.internalRender(GroovyTemplate.java:262)
	at play.templates.GroovyTemplate.internalRender(GroovyTemplate.java:262)
	at play.templates.GroovyTemplate.internalRender(GroovyTemplate.java:262)
	at play.templates.GroovyTemplate.internalRender(GroovyTemplate.java:262)
	at play.templates.GroovyTemplate.internalRender(GroovyTemplate.java:262)
	at play.templates.GroovyTemplate.internalRender(GroovyTemplate.java:262)
	at play.templates.GroovyTemplate.internalRender(GroovyTemplate.java:262)
	at play.templates.GroovyTemplate.internalRender(GroovyTemplate.java:262)
	at play.templates.GroovyTemplate.internalRender(GroovyTemplate.java:262)
	at play.templates.GroovyTemplate.internalRender(GroovyTemplate.java:262)
	at play.templates.GroovyTemplate.internalRender(GroovyTemplate.java:262)
	at play.templates.GroovyTemplate.internalRender(GroovyTemplate.java:262)
	at play.templates.GroovyTemplate.internalRender(GroovyTemplate.java:262)
	at play.templates.GroovyTemplate.internalRender(GroovyTemplate.java:262)
	at play.templates.GroovyTemplate.internalRender(GroovyTemplate.java:262)
	at play.templates.GroovyTemplate.internalRender(GroovyTemplate.java:262)
	at play.templates.GroovyTemplate.internalRender(GroovyTemplate.java:262)
	at play.templates.GroovyTemplate.internalRender(GroovyTemplate.java:262)
	at play.templates.GroovyTemplate.internalRender(GroovyTemplate.java:262)
	at play.templates.GroovyTemplate.internalRender(GroovyTemplate.java:262)
	at play.templates.GroovyTemplate.internalRender(GroovyTemplate.java:262)
	at play.templates.GroovyTemplate.internalRender(GroovyTemplate.java:262)
	at play.templates.GroovyTemplate.internalRender(GroovyTemplate.java:262)
	at play.templates.GroovyTemplate.internalRender(GroovyTemplate.java:262)
	at play.templates.GroovyTemplate.internalRender(GroovyTemplate.java:262)
	at play.templates.GroovyTemplate.internalRender(GroovyTemplate.java:262)
	at play.templates.GroovyTemplate.internalRender(GroovyTemplate.java:262)
	at play.templates.GroovyTemplate.internalRender(GroovyTemplate.java:262)
	at play.templates.GroovyTemplate.internalRender(GroovyTemplate.java:262)
	at play.templates.GroovyTemplate.internalRender(GroovyTemplate.java:262)
	at play.templates.GroovyTemplate.internalRender(GroovyTemplate.java:262)
	at play.templates.GroovyTemplate.internalRender(GroovyTemplate.java:262)
	at play.templates.GroovyTemplate.internalRender(GroovyTemplate.java:262)
	at play.templates.GroovyTemplate.internalRender(GroovyTemplate.java:262)
	at play.templates.GroovyTemplate.internalRender(GroovyTemplate.java:262)
	at play.templates.GroovyTemplate.internalRender(GroovyTemplate.java:262)
	at play.templates.GroovyTemplate.internalRender(GroovyTemplate.java:262)
	at play.templates.GroovyTemplate.internalRender(GroovyTemplate.java:262)
	at play.templates.GroovyTemplate.internalRender(GroovyTemplate.java:262)
	at play.templates.GroovyTemplate.internalRender(GroovyTemplate.java:262)
	at play.templates.GroovyTemplate.internalRender(GroovyTemplate.java:262)
	at play.templates.GroovyTemplate.internalRender(GroovyTemplate.java:262)
	at play.templates.GroovyTemplate.internalRender(GroovyTemplate.java:262)
	at play.templates.GroovyTemplate.internalRender(GroovyTemplate.java:262)
	at play.templates.GroovyTemplate.internalRender(GroovyTemplate.java:262)
	at play.templates.GroovyTemplate.internalRender(GroovyTemplate.java:262)
	at play.templates.GroovyTemplate.internalRender(GroovyTemplate.java:262)
	at play.templates.GroovyTemplate.internalRender(GroovyTemplate.java:262)
	at play.templates.GroovyTemplate.internalRender(GroovyTemplate.java:262)
	at play.templates.GroovyTemplate.internalRender(GroovyTemplate.java:262)
	at play.templates.GroovyTemplate.internalRender(GroovyTemplate.java:262)
	at play.templates.GroovyTemplate.internalRender(GroovyTemplate.java:262)
	at play.templates.GroovyTemplate.internalRender(GroovyTemplate.java:262)
	at play.templates.GroovyTemplate.internalRender(GroovyTemplate.java:262)
	at play.templates.GroovyTemplate.internalRender(GroovyTemplate.java:262)
	at play.templates.GroovyTemplate.internalRender(GroovyTemplate.java:262)
	at play.templates.GroovyTemplate.internalRender(GroovyTemplate.java:262)
	at play.templates.GroovyTemplate.internalRender(GroovyTemplate.java:262)
	at play.templates.GroovyTemplate.internalRender(GroovyTemplate.java:262)
	at play.templates.GroovyTemplate.internalRender(GroovyTemplate.java:262)
	at play.templates.GroovyTemplate.internalRender(GroovyTemplate.java:262)
	at play.templates.GroovyTemplate.internalRender(GroovyTemplate.java:262)
	at play.templates.GroovyTemplate.internalRender(GroovyTemplate.java:262)
	at play.templates.GroovyTemplate.internalRender(GroovyTemplate.java:262)
	at play.templates.GroovyTemplate.internalRender(GroovyTemplate.java:262)
	at play.templates.GroovyTemplate.internalRender(GroovyTemplate.java:262)
	at play.templates.GroovyTemplate.internalRender(GroovyTemplate.java:262)
	at play.templates.GroovyTemplate.internalRender(GroovyTemplate.java:262)
	at play.templates.GroovyTemplate.internalRender(GroovyTemplate.java:262)
	at play.templates.GroovyTemplate.internalRender(GroovyTemplate.java:262)
	at play.templates.GroovyTemplate.internalRender(GroovyTemplate.java:262)
	at play.templates.GroovyTemplate.internalRender(GroovyTemplate.java:262)
	at play.templates.GroovyTemplate.internalRender(GroovyTemplate.java:262)
	at play.templates.GroovyTemplate.internalRender(GroovyTemplate.java:262)
	at play.templates.GroovyTemplate.internalRender(GroovyTemplate.java:262)
	at play.templates.GroovyTemplate.internalRender(GroovyTemplate.java:262)
	at play.templates.GroovyTemplate.internalRender(GroovyTemplate.java:262)
	at play.templates.GroovyTemplate.internalRender(GroovyTemplate.java:262)
	at play.templates.GroovyTemplate.internalRender(GroovyTemplate.java:262)
	at play.templates.GroovyTemplate.internalRender(GroovyTemplate.java:262)
	at play.templates.GroovyTemplate.internalRender(GroovyTemplate.java:262)
	at play.templates.GroovyTemplate.internalRender(GroovyTemplate.java:262)
	at play.templates.GroovyTemplate.internalRender(GroovyTemplate.java:262)
	at play.templates.GroovyTemplate.internalRender(GroovyTemplate.java:262)
	at play.templates.GroovyTemplate.internalRender(GroovyTemplate.java:262)
	at play.templates.GroovyTemplate.internalRender(GroovyTemplate.java:262)
	at play.templates.GroovyTemplate.internalRender(GroovyTemplate.java:262)
	at play.templates.GroovyTemplate.internalRender(GroovyTemplate.java:262)
	at play.templates.GroovyTemplate.internalRender(GroovyTemplate.java:262)
	at play.templates.GroovyTemplate.internalRender(GroovyTemplate.java:262)
	at play.templates.GroovyTemplate.internalRender(GroovyTemplate.java:262)
	at play.templates.GroovyTemplate.internalRender(GroovyTemplate.java:262)
	at play.templates.GroovyTemplate.internalRender(GroovyTemplate.java:262)
	at play.templates.GroovyTemplate.internalRender(GroovyTemplate.java:262)
	at play.templates.GroovyTemplate.internalRender(GroovyTemplate.java:262)
	at play.templates.GroovyTemplate.internalRender(GroovyTemplate.java:262)
	at play.templates.GroovyTemplate.internalRender(GroovyTemplate.java:262)
	at play.templates.GroovyTemplate.internalRender(GroovyTemplate.java:262)
	at play.templates.GroovyTemplate.internalRender(GroovyTemplate.java:262)
	at play.templates.GroovyTemplate.internalRender(GroovyTemplate.java:262)
	at play.templates.GroovyTemplate.internalRender(GroovyTemplate.java:262)
	at play.templates.GroovyTemplate.internalRender(GroovyTemplate.java:262)
	at play.templates.GroovyTemplate.internalRender(GroovyTemplate.java:262)
	at play.templates.GroovyTemplate.internalRender(GroovyTemplate.java:262)
	at play.templates.GroovyTemplate.internalRender(GroovyTemplate.java:262)
	at play.templates.GroovyTemplate.internalRender(GroovyTemplate.java:262)
	at play.templates.GroovyTemplate.internalRender(GroovyTemplate.java:262)
	at play.templates.GroovyTemplate.internalRender(GroovyTemplate.java:262)
	at play.templates.GroovyTemplate.internalRender(GroovyTemplate.java:262)
	at play.templates.GroovyTemplate.internalRender(GroovyTemplate.java:262)
	at play.templates.GroovyTemplate.internalRender(GroovyTemplate.java:262)
	at play.templates.GroovyTemplate.internalRender(GroovyTemplate.java:262)
	at play.templates.GroovyTemplate.internalRender(GroovyTemplate.java:262)
	at play.templates.GroovyTemplate.internalRender(GroovyTemplate.java:262)
	at play.templates.GroovyTemplate.internalRender(GroovyTemplate.java:262)
	at play.templates.GroovyTemplate.internalRender(GroovyTemplate.java:262)
	at play.templates.GroovyTemplate.internalRender(GroovyTemplate.java:262)
	at play.templates.GroovyTemplate.internalRender(GroovyTemplate.java:262)
	at play.templates.GroovyTemplate.internalRender(GroovyTemplate.java:262)
	at play.templates.GroovyTemplate.internalRender(GroovyTemplate.java:262)
	at play.templates.GroovyTemplate.internalRender(GroovyTemplate.java:262)
	at play.templates.GroovyTemplate.internalRender(GroovyTemplate.java:262)
	at play.templates.GroovyTemplate.internalRender(GroovyTemplate.java:262)
	at play.templates.GroovyTemplate.internalRender(GroovyTemplate.java:262)
	at play.templates.GroovyTemplate.internalRender(GroovyTemplate.java:262)
	at play.templates.GroovyTemplate.internalRender(GroovyTemplate.java:262)
	at play.templates.GroovyTemplate.internalRender(GroovyTemplate.java:262)
	at play.templates.GroovyTemplate.internalRender(GroovyTemplate.java:262)
	at play.templates.GroovyTemplate.internalRender(GroovyTemplate.java:262)
	at play.templates.GroovyTemplate.internalRender(GroovyTemplate.java:262)
	at play.templates.GroovyTemplate.internalRender(GroovyTemplate.java:262)
	at play.templates.GroovyTemplate.internalRender(GroovyTemplate.java:262)
	at play.templates.GroovyTemplate.internalRender(GroovyTemplate.java:262)
	at play.templates.GroovyTemplate.internalRender(GroovyTemplate.java:262)
	at play.templates.GroovyTemplate.internalRender(GroovyTemplate.java:262)
	at play.templates.GroovyTemplate.internalRender(GroovyTemplate.java:262)
	at play.templates.GroovyTemplate.internalRender(GroovyTemplate.java:262)
	at play.templates.GroovyTemplate.internalRender(GroovyTemplate.java:262)
	at play.templates.GroovyTemplate.internalRender(GroovyTemplate.java:262)
	at play.templates.GroovyTemplate.internalRender(GroovyTemplate.java:262)
	at play.templates.GroovyTemplate.internalRender(GroovyTemplate.java:262)
	at play.templates.GroovyTemplate.internalRender(GroovyTemplate.java:262)
	at play.templates.GroovyTemplate.internalRender(GroovyTemplate.java:262)
	at play.templates.GroovyTemplate.internalRender(GroovyTemplate.java:262)
	at play.templates.GroovyTemplate.internalRender(GroovyTemplate.java:262)
	at play.templates.GroovyTemplate.internalRender(GroovyTemplate.java:262)
	at play.templates.GroovyTemplate.internalRender(GroovyTemplate.java:262)
	at play.templates.GroovyTemplate.internalRender(GroovyTemplate.java:262)
	at play.templates.GroovyTemplate.internalRender(GroovyTemplate.java:262)
	at play.templates.GroovyTemplate.internalRender(GroovyTemplate.java:262)
	at play.templates.GroovyTemplate.internalRender(GroovyTemplate.java:262)
	at play.templates.GroovyTemplate.internalRender(GroovyTemplate.java:262)
	at play.templates.GroovyTemplate.internalRender(GroovyTemplate.java:262)
	at play.templates.GroovyTemplate.internalRender(GroovyTemplate.java:262)
Caused by: java.lang.StackOverflowError
	at java.util.HashMap.getEntry(Unknown Source)
	at java.util.HashMap.containsKey(Unknown Source)
	at play.classloading.ApplicationClasses.getApplicationClass(ApplicationClasses.java:42)
	at play.classloading.ApplicationClassloader.loadApplicationClass(ApplicationClassloader.java:134)
	at play.classloading.ApplicationClassloader.loadClass(ApplicationClassloader.java:84)
	at java.lang.ClassLoader.loadClass(Unknown Source)
	at java.lang.ClassLoader.loadClass(Unknown Source)
	at play.templates.FastTags._set(FastTags.java:297)
	at /app/views/main.html.(line:8)
	at play.templates.GroovyTemplate.internalRender(GroovyTemplate.java:229)
	... 959 more
02:04:08,451 INFO  ~ >>>>>Ally<<<<<
02:04:08,452 INFO  ~ Fetch files
02:04:09,602 INFO  ~ ->done
02:04:09,602 INFO  ~ alliances.txt
02:04:15,916 INFO  ~ ->done
02:04:15,917 INFO  ~ alliance_kills_all.txt
02:04:17,617 ERROR ~ 

@67p02aof1
Error during job execution (jobs.Populator)

Execution exception (In /app/jobs/Populator.java around line 141)
NullPointerException occured : Attempting to write a property  scoreAll on a null object of type models.AllyScore (jobs.Populator.AllyPop, line 141)

play.exceptions.JavaExecutionException: Attempting to write a property  scoreAll on a null object of type models.AllyScore (jobs.Populator.AllyPop, line 141)
	at play.jobs.Job.call(Job.java:155)
	at Invocation.Job(Play!)
Caused by: java.lang.NullPointerException: Attempting to write a property  scoreAll on a null object of type models.AllyScore (jobs.Populator.AllyPop, line 141)
	at play.classloading.enhancers.PropertiesEnhancer$FieldAccessor.invokeWriteProperty(PropertiesEnhancer.java:253)
	at play.classloading.enhancers.PropertiesEnhancer$FieldAccessor.invokeWriteProperty(PropertiesEnhancer.java:244)
	at jobs.Populator.AllyPop(Populator.java:141)
	at jobs.Populator.doJob(Populator.java:35)
	at play.jobs.Job.doJobWithResult(Job.java:50)
	at play.jobs.Job.call(Job.java:146)
	... 1 more
